<?xml version="1.0" encoding="UTF-8"?>
<!-- Generated by org.testng.reporters.JUnitXMLReporter -->
<testsuite hostname="HP" ignored="0" name="Test" tests="3" failures="0" timestamp="2023-08-27T12:38:16 IST" time="0.126" errors="0">
  <testcase name="AloginPgverify2" time="0.031" classname="PracticeTest.TestCaseOne"/>
  <testcase name="BloginPgverify1" time="0.002" classname="PracticeTest.TestCaseOne"/>
  <testcase name="CloginPgverify3" time="0.003" classname="PracticeTest.TestCaseOne"/>
</testsuite> <!-- Test -->
